2015-05-07 - ERROR - View '/ing-res/edit/1' not found.
2015-05-07 - ERROR - View '/ing-res/edit/1' not found.
2015-05-07 - ERROR - View '/ing-res/edit/1' not found.
2015-05-07 - ERROR - View '/ing-res/edit/1' not found.
2015-05-07 - ERROR - View '/ing-res/permissions' not found.
2015-05-07 - ERROR - View '/ing-res/edit/1' not found.
2015-05-07 - ERROR - View '/ing-res/edit/1' not found.
2015-05-07 - ERROR - View '/ing-res/edit/1' not found.
2015-05-07 - ERROR - View '/ing-res/edit/1' not found.
2015-05-07 - ERROR - View '/ing-res/edit/1' not found.
2015-05-07 - ERROR - View '/ing-res/edit/1' not found.
2015-05-07 - DEBUG - 
2015-05-07 - DEBUG - 1
2015-05-07 - DEBUG - 1
2015-05-07 - DEBUG - 1
2015-05-07 - DEBUG - 5
2015-05-07 - DEBUG - 1
2015-05-07 - DEBUG - 1
2015-05-07 - DEBUG - 1
2015-05-07 - DEBUG - 1
2015-05-07 - DEBUG - 1
2015-05-07 - DEBUG - 1
2015-05-07 - DEBUG - 1
2015-05-07 - DEBUG - 1
2015-05-07 - DEBUG - 1
2015-05-07 - DEBUG - EDIT USER:Voyze2, silas.maechler@gmail.com1
2015-05-07 - DEBUG - 1
2015-05-07 - DEBUG - EDIT USER:Voyze, silas.maechler@gmail.com
2015-05-07 - DEBUG - 
2015-05-07 - DEBUG - EDIT USER:Voyze, silas.maechler@gmail.com
2015-05-07 - DEBUG - 
2015-05-07 - DEBUG - 1
2015-05-07 - DEBUG - EDIT USER:Voyze, silas.maechler@gmail.com
2015-05-07 - DEBUG - 1
2015-05-07 - DEBUG - EDIT USER:Voyze, silas.maechler@gmail.com
2015-05-07 - DEBUG - 1
2015-05-07 - DEBUG - EDIT USER:Voyze, silas.maechler@gmail.com
2015-05-07 - DEBUG - 1
